<?xml version="1.0" encoding="UTF-8"?>
<!-- Generated by org.testng.reporters.JUnitReportReporter -->
<testsuite hostname="INDHYDELPTMP046" failures="0" tests="2" name="testsuite.UrbanTestingRegression" time="63.711" errors="0" timestamp="31 Mar 2022 03:28:12 GMT" skipped="0">
  <testcase classname="testsuite.UrbanTestingRegression" name="regressionTesting" time="32.511"/>
  <testcase classname="testsuite.UrbanTestingRegression" name="regressionTesting" time="31.200"/>
</testsuite> <!-- testsuite.UrbanTestingRegression -->
