<?xml version="1.0" encoding="UTF-8"?>
<!-- Generated by org.testng.reporters.JUnitReportReporter -->
<testsuite hostname="INDHYDELPTMP046" failures="0" tests="2" name="testsuite.UrbanTestingSmoke" time="8.752" errors="0" timestamp="31 Mar 2022 03:28:12 GMT" skipped="0">
  <testcase classname="testsuite.UrbanTestingSmoke" name="smokeTesting" time="4.843"/>
  <testcase classname="testsuite.UrbanTestingSmoke" name="smokeTesting" time="3.909"/>
</testsuite> <!-- testsuite.UrbanTestingSmoke -->
